<?xml version="1.0" encoding="UTF-8"?>
<!-- Generated by org.testng.reporters.JUnitReportReporter -->
<testsuite hostname="ENVY" failures="0" tests="1" name="DataBaseBootCamp.DBC_Query4" time="0.672" errors="0" timestamp="2022-05-10T21:51:06 CDT" skipped="0">
  <testcase classname="DataBaseBootCamp.DBC_Query4" name="dbConnections" time="0.672"/>
  <system-out/>
</testsuite> <!-- DataBaseBootCamp.DBC_Query4 -->
