<?xml version="1.0" encoding="UTF-8"?>
<!-- Generated by org.testng.reporters.JUnitReportReporter -->
<testsuite hostname="ENVY" failures="0" tests="1" name="DataBaseBootCamp.DatabasConnection" time="0.618" errors="0" timestamp="2022-05-07T16:33:30 CDT" skipped="0">
  <testcase classname="DataBaseBootCamp.DatabasConnection" name="dbConnections" time="0.618"/>
  <system-out/>
</testsuite> <!-- DataBaseBootCamp.DatabasConnection -->
