<?xml version="1.0" encoding="UTF-8"?>
<!-- Generated by org.testng.reporters.JUnitReportReporter -->
<testsuite hostname="ENVY" failures="0" tests="1" name="DataBaseBootCamp.DatabasConnectionEmployee" time="0.612" errors="0" timestamp="2022-05-07T16:44:02 CDT" skipped="0">
  <testcase classname="DataBaseBootCamp.DatabasConnectionEmployee" name="dbConnections" time="0.612"/>
  <system-out/>
</testsuite> <!-- DataBaseBootCamp.DatabasConnectionEmployee -->
