<?xml version="1.0" encoding="UTF-8"?>
<!-- Generated by org.testng.reporters.JUnitReportReporter -->
<testsuite hostname="ENVY" failures="0" tests="1" name="DataBaseBootCamp.DatabasConnectionQuery1" time="0.643" errors="0" timestamp="2022-05-07T17:12:14 CDT" skipped="0">
  <testcase classname="DataBaseBootCamp.DatabasConnectionQuery1" name="dbConnections" time="0.643"/>
  <system-out/>
</testsuite> <!-- DataBaseBootCamp.DatabasConnectionQuery1 -->
