<?xml version="1.0" encoding="UTF-8"?>
<!-- Generated by org.testng.reporters.JUnitReportReporter -->
<testsuite hostname="ENVY" failures="0" tests="1" name="DataBaseBootCamp.DBC_Query6" time="0.644" errors="0" timestamp="2022-05-10T21:57:20 CDT" skipped="0">
  <testcase classname="DataBaseBootCamp.DBC_Query6" name="dbConnections" time="0.644"/>
  <system-out/>
</testsuite> <!-- DataBaseBootCamp.DBC_Query6 -->
