<?xml version="1.0" encoding="UTF-8"?>
<!-- Generated by org.testng.reporters.JUnitReportReporter -->
<testsuite hostname="ENVY" failures="0" tests="1" name="DataBaseBootCamp.DBC_Query5" time="0.623" errors="0" timestamp="2022-05-10T21:53:31 CDT" skipped="0">
  <testcase classname="DataBaseBootCamp.DBC_Query5" name="dbConnections" time="0.623"/>
  <system-out/>
</testsuite> <!-- DataBaseBootCamp.DBC_Query5 -->
